[0.335s] Invoking command in '/home/rstole01/Documents/CSE-596/humble_ws/build/vesc_driver': AMENT_PREFIX_PATH=/home/rstole01/Documents/CSE-596/humble_ws/install/vesc_msgs:${AMENT_PREFIX_PATH} CMAKE_PREFIX_PATH=/home/rstole01/Documents/CSE-596/humble_ws/install/vesc_msgs:/opt/ros/humble LD_LIBRARY_PATH=/home/rstole01/Documents/CSE-596/humble_ws/install/vesc_msgs/lib:${LD_LIBRARY_PATH} PYTHONPATH=/home/rstole01/Documents/CSE-596/humble_ws/install/vesc_msgs/local/lib/python3.10/dist-packages:${PYTHONPATH} /usr/bin/cmake /home/rstole01/Documents/CSE-596/humble_ws/src/f1tenth_system/vesc/vesc_driver -DCMAKE_INSTALL_PREFIX=/home/rstole01/Documents/CSE-596/humble_ws/install/vesc_driver
[8.778s] -- The C compiler identification is GNU 11.4.0
[8.784s] -- The CXX compiler identification is GNU 11.4.0
[8.785s] -- Detecting C compiler ABI info
[8.785s] -- Detecting C compiler ABI info - done
[8.785s] -- Check for working C compiler: /usr/bin/cc - skipped
[8.786s] -- Detecting C compile features
[8.786s] -- Detecting C compile features - done
[8.786s] -- Detecting CXX compiler ABI info
[8.787s] -- Detecting CXX compiler ABI info - done
[8.787s] -- Check for working CXX compiler: /usr/bin/c++ - skipped
[8.787s] -- Detecting CXX compile features
[8.787s] -- Detecting CXX compile features - done
[8.788s] -- Found ament_cmake_auto: 1.3.7 (/opt/ros/humble/share/ament_cmake_auto/cmake)
[8.788s] -- Found Python3: /usr/bin/python3.10 (found version "3.10.12") found components: Interpreter 
[8.788s] -- Found rosidl_generator_c: 3.1.5 (/opt/ros/humble/share/rosidl_generator_c/cmake)
[8.789s] -- Found rosidl_adapter: 3.1.5 (/opt/ros/humble/share/rosidl_adapter/cmake)
[8.789s] -- Found rosidl_generator_cpp: 3.1.5 (/opt/ros/humble/share/rosidl_generator_cpp/cmake)
[8.789s] -- Using all available rosidl_typesupport_c: rosidl_typesupport_fastrtps_c;rosidl_typesupport_introspection_c
[8.790s] -- Using all available rosidl_typesupport_cpp: rosidl_typesupport_fastrtps_cpp;rosidl_typesupport_introspection_cpp
[8.790s] -- Found rmw_implementation_cmake: 6.1.1 (/opt/ros/humble/share/rmw_implementation_cmake/cmake)
[8.790s] -- Found rmw_cyclonedds_cpp: 1.3.4 (/opt/ros/humble/share/rmw_cyclonedds_cpp/cmake)
[8.790s] -- Using RMW implementation 'rmw_cyclonedds_cpp' as default
[8.791s] -- Looking for pthread.h
[8.791s] -- Looking for pthread.h - found
[8.791s] -- Performing Test CMAKE_HAVE_LIBC_PTHREAD
[8.792s] -- Performing Test CMAKE_HAVE_LIBC_PTHREAD - Success
[8.792s] -- Found Threads: TRUE  
[8.792s] -- Found ament_lint_auto: 0.12.10 (/opt/ros/humble/share/ament_lint_auto/cmake)
[8.792s] -- Added test 'copyright' to check source files copyright and LICENSE
[8.793s] -- Added test 'cppcheck' to perform static code analysis on C / C++ code
[8.793s] -- Configured cppcheck include dirs: /home/rstole01/Documents/CSE-596/humble_ws/src/f1tenth_system/vesc/vesc_driver/include
[8.794s] -- Configured cppcheck exclude dirs and/or files: 
[8.794s] -- Added test 'cpplint' to check C / C++ code against the Google style
[8.794s] -- Configured cpplint exclude dirs and/or files: 
[8.794s] -- Added test 'flake8' to check Python code syntax and style conventions
[8.795s] -- Added test 'lint_cmake' to check CMake code style
[8.795s] -- Added test 'pep257' to check Python code against some of the docstring style conventions in PEP 257
[8.795s] -- Added test 'uncrustify' to check C / C++ code style
[8.795s] -- Configured uncrustify additional arguments: 
[8.796s] -- Added test 'xmllint' to check XML markup files
[8.796s] -- Configuring done
[8.796s] -- Generating done
[8.796s] -- Build files have been written to: /home/rstole01/Documents/CSE-596/humble_ws/build/vesc_driver
[8.834s] Invoked command in '/home/rstole01/Documents/CSE-596/humble_ws/build/vesc_driver' returned '0': AMENT_PREFIX_PATH=/home/rstole01/Documents/CSE-596/humble_ws/install/vesc_msgs:${AMENT_PREFIX_PATH} CMAKE_PREFIX_PATH=/home/rstole01/Documents/CSE-596/humble_ws/install/vesc_msgs:/opt/ros/humble LD_LIBRARY_PATH=/home/rstole01/Documents/CSE-596/humble_ws/install/vesc_msgs/lib:${LD_LIBRARY_PATH} PYTHONPATH=/home/rstole01/Documents/CSE-596/humble_ws/install/vesc_msgs/local/lib/python3.10/dist-packages:${PYTHONPATH} /usr/bin/cmake /home/rstole01/Documents/CSE-596/humble_ws/src/f1tenth_system/vesc/vesc_driver -DCMAKE_INSTALL_PREFIX=/home/rstole01/Documents/CSE-596/humble_ws/install/vesc_driver
[8.845s] Invoking command in '/home/rstole01/Documents/CSE-596/humble_ws/build/vesc_driver': AMENT_PREFIX_PATH=/home/rstole01/Documents/CSE-596/humble_ws/install/vesc_msgs:${AMENT_PREFIX_PATH} CMAKE_PREFIX_PATH=/home/rstole01/Documents/CSE-596/humble_ws/install/vesc_msgs:/opt/ros/humble LD_LIBRARY_PATH=/home/rstole01/Documents/CSE-596/humble_ws/install/vesc_msgs/lib:${LD_LIBRARY_PATH} PYTHONPATH=/home/rstole01/Documents/CSE-596/humble_ws/install/vesc_msgs/local/lib/python3.10/dist-packages:${PYTHONPATH} /usr/bin/cmake --build /home/rstole01/Documents/CSE-596/humble_ws/build/vesc_driver -- -j8 -l8
[13.575s] [ 10%] [32mBuilding CXX object CMakeFiles/vesc_driver.dir/src/vesc_driver.cpp.o[0m
[34.971s] [ 20%] [32mBuilding CXX object CMakeFiles/vesc_driver.dir/src/vesc_packet_factory.cpp.o[0m
[34.972s] [ 30%] [32mBuilding CXX object CMakeFiles/vesc_driver.dir/src/vesc_interface.cpp.o[0m
[34.976s] [ 40%] [32mBuilding CXX object CMakeFiles/vesc_driver.dir/src/vesc_packet.cpp.o[0m
[35.320s] [01m[K/home/rstole01/Documents/CSE-596/humble_ws/src/f1tenth_system/vesc/vesc_driver/src/vesc_interface.cpp:45:10:[m[K [01;31m[Kfatal error: [m[Kserial_driver/serial_driver.hpp: No such file or directory
[35.321s]    45 | #include [01;31m[K"serial_driver/serial_driver.hpp"[m[K
[35.321s]       |          [01;31m[K^~~~~~~~~~~~~~~~~~~~~~~~~~~~~~~~~[m[K
[35.321s] compilation terminated.
[35.324s] gmake[2]: *** [CMakeFiles/vesc_driver.dir/build.make:90: CMakeFiles/vesc_driver.dir/src/vesc_interface.cpp.o] Error 1
[35.324s] gmake[2]: *** Waiting for unfinished jobs....
[36.638s] gmake[1]: *** [CMakeFiles/Makefile2:141: CMakeFiles/vesc_driver.dir/all] Error 2
[36.638s] gmake: *** [Makefile:146: all] Error 2
