[0.121s] Invoking command in '/home/rstole01/Documents/CSE-596/humble_ws/build/pid_lab': CMAKE_PREFIX_PATH=/opt/ros/humble /usr/bin/cmake /home/rstole01/Documents/CSE-596/humble_ws/src/pid_lab -DCMAKE_INSTALL_PREFIX=/home/rstole01/Documents/CSE-596/humble_ws/install/pid_lab
[0.146s] -- Found ament_cmake: 1.3.6 (/opt/ros/humble/share/ament_cmake/cmake)
[0.425s] -- Found rclcpp: 16.0.7 (/opt/ros/humble/share/rclcpp/cmake)
[0.503s] -- Found rosidl_generator_c: 3.1.5 (/opt/ros/humble/share/rosidl_generator_c/cmake)
[0.509s] -- Found rosidl_adapter: 3.1.5 (/opt/ros/humble/share/rosidl_adapter/cmake)
[0.521s] -- Found rosidl_generator_cpp: 3.1.5 (/opt/ros/humble/share/rosidl_generator_cpp/cmake)
[0.543s] -- Using all available rosidl_typesupport_c: rosidl_typesupport_fastrtps_c;rosidl_typesupport_introspection_c
[0.575s] -- Using all available rosidl_typesupport_cpp: rosidl_typesupport_fastrtps_cpp;rosidl_typesupport_introspection_cpp
[0.696s] -- Found rmw_implementation_cmake: 6.1.1 (/opt/ros/humble/share/rmw_implementation_cmake/cmake)
[0.698s] -- Found rmw_cyclonedds_cpp: 1.3.4 (/opt/ros/humble/share/rmw_cyclonedds_cpp/cmake)
[0.758s] -- Using RMW implementation 'rmw_cyclonedds_cpp' as default
[1.094s] -- Found rclpy: 3.3.11 (/opt/ros/humble/share/rclpy/cmake)
[1.094s] -- Found geometry_msgs: 4.2.3 (/opt/ros/humble/share/geometry_msgs/cmake)
[1.186s] -- Found nav_msgs: 4.2.3 (/opt/ros/humble/share/nav_msgs/cmake)
[1.366s] -- Found ackermann_msgs: 2.0.2 (/opt/ros/humble/share/ackermann_msgs/cmake)
[1.456s] -- Found sensor_msgs: 4.2.3 (/opt/ros/humble/share/sensor_msgs/cmake)
[1.641s] -- Found ament_lint_auto: 0.12.9 (/opt/ros/humble/share/ament_lint_auto/cmake)
[1.772s] -- Added test 'copyright' to check source files copyright and LICENSE
[1.774s] -- Added test 'cppcheck' to perform static code analysis on C / C++ code
[1.775s] -- Configured cppcheck include dirs: /home/rstole01/Documents/CSE-596/humble_ws/src/pid_lab/include
[1.775s] -- Configured cppcheck exclude dirs and/or files: 
[1.776s] -- Added test 'cpplint' to check C / C++ code against the Google style
[1.776s] -- Configured cpplint exclude dirs and/or files: 
[1.777s] -- Added test 'lint_cmake' to check CMake code style
[1.779s] -- Added test 'uncrustify' to check C / C++ code style
[1.779s] -- Configured uncrustify additional arguments: 
[1.780s] -- Added test 'xmllint' to check XML markup files
[1.781s] -- Configuring done
[1.802s] -- Generating done
[1.807s] -- Build files have been written to: /home/rstole01/Documents/CSE-596/humble_ws/build/pid_lab
[1.822s] Invoked command in '/home/rstole01/Documents/CSE-596/humble_ws/build/pid_lab' returned '0': CMAKE_PREFIX_PATH=/opt/ros/humble /usr/bin/cmake /home/rstole01/Documents/CSE-596/humble_ws/src/pid_lab -DCMAKE_INSTALL_PREFIX=/home/rstole01/Documents/CSE-596/humble_ws/install/pid_lab
[1.827s] Invoking command in '/home/rstole01/Documents/CSE-596/humble_ws/build/pid_lab': CMAKE_PREFIX_PATH=/opt/ros/humble /usr/bin/cmake --build /home/rstole01/Documents/CSE-596/humble_ws/build/pid_lab -- -j8 -l8
[1.918s] [ 50%] [32mBuilding CXX object CMakeFiles/pid.dir/src/wall_follow_node.cpp.o[0m
[6.526s] [01m[K/home/rstole01/Documents/CSE-596/humble_ws/src/pid_lab/src/wall_follow_node.cpp:[m[K In constructor â€˜[01m[KWallFollow::WallFollow()[m[Kâ€™:
[6.526s] [01m[K/home/rstole01/Documents/CSE-596/humble_ws/src/pid_lab/src/wall_follow_node.cpp:20:37:[m[K [01;31m[Kerror: [m[Kâ€˜[01m[KSafety[m[Kâ€™ has not been declared
[6.526s]    20 |             "/scan", 10, std::bind(&[01;31m[KSafety[m[K::scan_callback, this, _1));
[6.526s]       |                                     [01;31m[K^~~~~~[m[K
[6.531s] [01m[K/home/rstole01/Documents/CSE-596/humble_ws/src/pid_lab/src/wall_follow_node.cpp:[m[K In member function â€˜[01m[Kint WallFollow::find_angle_index(float, float, float, float)[m[Kâ€™:
[6.531s] [01m[K/home/rstole01/Documents/CSE-596/humble_ws/src/pid_lab/src/wall_follow_node.cpp:55:49:[m[K [01;35m[Kwarning: [m[Kunused parameter â€˜[01m[Kangle_max[m[Kâ€™ [[01;35m[K]8;;https://gcc.gnu.org/onlinedocs/gcc/Warning-Options.html#index-Wunused-parameter-Wunused-parameter]8;;[m[K]
[6.531s]    55 |     int find_angle_index(float angle_min, [01;35m[Kfloat angle_max[m[K, float angle_increment, float angle){
[6.531s]       |                                           [01;35m[K~~~~~~^~~~~~~~~[m[K
[6.535s] [01m[K/home/rstole01/Documents/CSE-596/humble_ws/src/pid_lab/src/wall_follow_node.cpp:[m[K In member function â€˜[01m[Kvoid WallFollow::scan_callback(sensor_msgs::msg::LaserScan_<std::allocator<void> >::ConstSharedPtr)[m[Kâ€™:
[6.537s] [01m[K/home/rstole01/Documents/CSE-596/humble_ws/src/pid_lab/src/wall_follow_node.cpp:85:30:[m[K [01;31m[Kerror: [m[Kâ€˜[01m[Kmsg[m[Kâ€™ was not declared in this scope
[6.537s]    85 |         std::copy(std::begin([01;31m[Kmsg[m[K.ranges), std::end(msg.ranges), std::begin(ranges));
[6.537s]       |                              [01;31m[K^~~[m[K
[6.537s] [01m[K/home/rstole01/Documents/CSE-596/humble_ws/src/pid_lab/src/wall_follow_node.cpp:85:30:[m[K [01;36m[Knote: [m[Ksuggested alternatives:
[6.537s] In file included from [01m[K/opt/ros/humble/include/builtin_interfaces/builtin_interfaces/msg/duration.hpp:7[m[K,
[6.538s]                  from [01m[K/opt/ros/humble/include/rclcpp/rclcpp/duration.hpp:20[m[K,
[6.538s]                  from [01m[K/opt/ros/humble/include/rclcpp/rclcpp/qos.hpp:20[m[K,
[6.538s]                  from [01m[K/opt/ros/humble/include/rclcpp/rclcpp/node_interfaces/node_graph_interface.hpp:32[m[K,
[6.538s]                  from [01m[K/opt/ros/humble/include/rclcpp/rclcpp/client.hpp:42[m[K,
[6.538s]                  from [01m[K/opt/ros/humble/include/rclcpp/rclcpp/callback_group.hpp:24[m[K,
[6.538s]                  from [01m[K/opt/ros/humble/include/rclcpp/rclcpp/any_executable.hpp:20[m[K,
[6.538s]                  from [01m[K/opt/ros/humble/include/rclcpp/rclcpp/memory_strategy.hpp:25[m[K,
[6.539s]                  from [01m[K/opt/ros/humble/include/rclcpp/rclcpp/memory_strategies.hpp:18[m[K,
[6.539s]                  from [01m[K/opt/ros/humble/include/rclcpp/rclcpp/executor_options.hpp:20[m[K,
[6.539s]                  from [01m[K/opt/ros/humble/include/rclcpp/rclcpp/executor.hpp:37[m[K,
[6.539s]                  from [01m[K/opt/ros/humble/include/rclcpp/rclcpp/executors/multi_threaded_executor.hpp:25[m[K,
[6.539s]                  from [01m[K/opt/ros/humble/include/rclcpp/rclcpp/executors.hpp:21[m[K,
[6.539s]                  from [01m[K/opt/ros/humble/include/rclcpp/rclcpp/rclcpp.hpp:155[m[K,
[6.539s]                  from [01m[K/home/rstole01/Documents/CSE-596/humble_ws/src/pid_lab/src/wall_follow_node.cpp:1[m[K:
[6.539s] [01m[K/opt/ros/humble/include/builtin_interfaces/builtin_interfaces/msg/detail/duration__struct.hpp:27:11:[m[K [01;36m[Knote: [m[K  â€˜[01m[Kbuiltin_interfaces::msg[m[Kâ€™
[6.540s]    27 | namespace [01;36m[Kmsg[m[K
[6.540s]       |           [01;36m[K^~~[m[K
[6.540s] In file included from [01m[K/opt/ros/humble/include/rcl_interfaces/rcl_interfaces/msg/set_parameters_result.hpp:7[m[K,
[6.540s]                  from [01m[K/opt/ros/humble/include/rclcpp/rclcpp/qos_overriding_options.hpp:28[m[K,
[6.540s]                  from [01m[K/opt/ros/humble/include/rclcpp/rclcpp/subscription_options.hpp:30[m[K,
[6.540s]                  from [01m[K/opt/ros/humble/include/rclcpp/rclcpp/subscription.hpp:45[m[K,
[6.540s]                  from [01m[K/opt/ros/humble/include/rclcpp/rclcpp/any_executable.hpp:25[m[K,
[6.540s]                  from [01m[K/opt/ros/humble/include/rclcpp/rclcpp/memory_strategy.hpp:25[m[K,
[6.541s]                  from [01m[K/opt/ros/humble/include/rclcpp/rclcpp/memory_strategies.hpp:18[m[K,
[6.541s]                  from [01m[K/opt/ros/humble/include/rclcpp/rclcpp/executor_options.hpp:20[m[K,
[6.541s]                  from [01m[K/opt/ros/humble/include/rclcpp/rclcpp/executor.hpp:37[m[K,
[6.541s]                  from [01m[K/opt/ros/humble/include/rclcpp/rclcpp/executors/multi_threaded_executor.hpp:25[m[K,
[6.541s]                  from [01m[K/opt/ros/humble/include/rclcpp/rclcpp/executors.hpp:21[m[K,
[6.541s]                  from [01m[K/opt/ros/humble/include/rclcpp/rclcpp/rclcpp.hpp:155[m[K,
[6.541s]                  from [01m[K/home/rstole01/Documents/CSE-596/humble_ws/src/pid_lab/src/wall_follow_node.cpp:1[m[K:
[6.541s] [01m[K/opt/ros/humble/include/rcl_interfaces/rcl_interfaces/msg/detail/set_parameters_result__struct.hpp:27:11:[m[K [01;36m[Knote: [m[K  â€˜[01m[Krcl_interfaces::msg[m[Kâ€™
[6.542s]    27 | namespace [01;36m[Kmsg[m[K
[6.542s]       |           [01;36m[K^~~[m[K
[6.542s] In file included from [01m[K/opt/ros/humble/include/statistics_msgs/statistics_msgs/msg/detail/metrics_message__struct.hpp:23[m[K,
[6.542s]                  from [01m[K/opt/ros/humble/include/statistics_msgs/statistics_msgs/msg/metrics_message.hpp:7[m[K,
[6.542s]                  from [01m[K/opt/ros/humble/include/libstatistics_collector/libstatistics_collector/collector/generate_statistics_message.hpp:21[m[K,
[6.542s]                  from [01m[K/opt/ros/humble/include/rclcpp/rclcpp/topic_statistics/subscription_topic_statistics.hpp:23[m[K,
[6.542s]                  from [01m[K/opt/ros/humble/include/rclcpp/rclcpp/subscription.hpp:50[m[K,
[6.542s]                  from [01m[K/opt/ros/humble/include/rclcpp/rclcpp/any_executable.hpp:25[m[K,
[6.543s]                  from [01m[K/opt/ros/humble/include/rclcpp/rclcpp/memory_strategy.hpp:25[m[K,
[6.543s]                  from [01m[K/opt/ros/humble/include/rclcpp/rclcpp/memory_strategies.hpp:18[m[K,
[6.543s]                  from [01m[K/opt/ros/humble/include/rclcpp/rclcpp/executor_options.hpp:20[m[K,
[6.543s]                  from [01m[K/opt/ros/humble/include/rclcpp/rclcpp/executor.hpp:37[m[K,
[6.543s]                  from [01m[K/opt/ros/humble/include/rclcpp/rclcpp/executors/multi_threaded_executor.hpp:25[m[K,
[6.543s]                  from [01m[K/opt/ros/humble/include/rclcpp/rclcpp/executors.hpp:21[m[K,
[6.543s]                  from [01m[K/opt/ros/humble/include/rclcpp/rclcpp/rclcpp.hpp:155[m[K,
[6.543s]                  from [01m[K/home/rstole01/Documents/CSE-596/humble_ws/src/pid_lab/src/wall_follow_node.cpp:1[m[K:
[6.544s] [01m[K/opt/ros/humble/include/statistics_msgs/statistics_msgs/msg/detail/statistic_data_point__struct.hpp:27:11:[m[K [01;36m[Knote: [m[K  â€˜[01m[Kstatistics_msgs::msg[m[Kâ€™
[6.544s]    27 | namespace [01;36m[Kmsg[m[K
[6.544s]       |           [01;36m[K^~~[m[K
[6.544s] In file included from [01m[K/opt/ros/humble/include/sensor_msgs/sensor_msgs/msg/detail/laser_scan__struct.hpp:20[m[K,
[6.544s]                  from [01m[K/opt/ros/humble/include/sensor_msgs/sensor_msgs/msg/laser_scan.hpp:7[m[K,
[6.544s]                  from [01m[K/home/rstole01/Documents/CSE-596/humble_ws/src/pid_lab/src/wall_follow_node.cpp:3[m[K:
[6.544s] [01m[K/opt/ros/humble/include/std_msgs/std_msgs/msg/detail/header__struct.hpp:31:11:[m[K [01;36m[Knote: [m[K  â€˜[01m[Kstd_msgs::msg[m[Kâ€™
[6.545s]    31 | namespace [01;36m[Kmsg[m[K
[6.545s]       |           [01;36m[K^~~[m[K
[6.545s] In file included from [01m[K/opt/ros/humble/include/sensor_msgs/sensor_msgs/msg/laser_scan.hpp:7[m[K,
[6.545s]                  from [01m[K/home/rstole01/Documents/CSE-596/humble_ws/src/pid_lab/src/wall_follow_node.cpp:3[m[K:
[6.545s] [01m[K/opt/ros/humble/include/sensor_msgs/sensor_msgs/msg/detail/laser_scan__struct.hpp:31:11:[m[K [01;36m[Knote: [m[K  â€˜[01m[Ksensor_msgs::msg[m[Kâ€™
[6.545s]    31 | namespace [01;36m[Kmsg[m[K
[6.546s]       |           [01;36m[K^~~[m[K
[6.546s] In file included from [01m[K/opt/ros/humble/include/geometry_msgs/geometry_msgs/msg/detail/pose__struct.hpp:20[m[K,
[6.546s]                  from [01m[K/opt/ros/humble/include/geometry_msgs/geometry_msgs/msg/detail/pose_with_covariance__struct.hpp:20[m[K,
[6.546s]                  from [01m[K/opt/ros/humble/include/nav_msgs/nav_msgs/msg/detail/odometry__struct.hpp:22[m[K,
[6.546s]                  from [01m[K/opt/ros/humble/include/nav_msgs/nav_msgs/msg/odometry.hpp:7[m[K,
[6.546s]                  from [01m[K/home/rstole01/Documents/CSE-596/humble_ws/src/pid_lab/src/wall_follow_node.cpp:4[m[K:
[6.546s] [01m[K/opt/ros/humble/include/geometry_msgs/geometry_msgs/msg/detail/point__struct.hpp:27:11:[m[K [01;36m[Knote: [m[K  â€˜[01m[Kgeometry_msgs::msg[m[Kâ€™
[6.547s]    27 | namespace [01;36m[Kmsg[m[K
[6.547s]       |           [01;36m[K^~~[m[K
[6.547s] In file included from [01m[K/opt/ros/humble/include/nav_msgs/nav_msgs/msg/odometry.hpp:7[m[K,
[6.547s]                  from [01m[K/home/rstole01/Documents/CSE-596/humble_ws/src/pid_lab/src/wall_follow_node.cpp:4[m[K:
[6.547s] [01m[K/opt/ros/humble/include/nav_msgs/nav_msgs/msg/detail/odometry__struct.hpp:35:11:[m[K [01;36m[Knote: [m[K  â€˜[01m[Knav_msgs::msg[m[Kâ€™
[6.547s]    35 | namespace [01;36m[Kmsg[m[K
[6.547s]       |           [01;36m[K^~~[m[K
[6.548s] In file included from [01m[K/opt/ros/humble/include/ackermann_msgs/ackermann_msgs/msg/detail/ackermann_drive_stamped__struct.hpp:22[m[K,
[6.548s]                  from [01m[K/opt/ros/humble/include/ackermann_msgs/ackermann_msgs/msg/ackermann_drive_stamped.hpp:7[m[K,
[6.548s]                  from [01m[K/home/rstole01/Documents/CSE-596/humble_ws/src/pid_lab/src/wall_follow_node.cpp:5[m[K:
[6.548s] [01m[K/opt/ros/humble/include/ackermann_msgs/ackermann_msgs/msg/detail/ackermann_drive__struct.hpp:27:11:[m[K [01;36m[Knote: [m[K  â€˜[01m[Kackermann_msgs::msg[m[Kâ€™
[6.548s]    27 | namespace [01;36m[Kmsg[m[K
[6.548s]       |           [01;36m[K^~~[m[K
[6.548s] [01m[K/home/rstole01/Documents/CSE-596/humble_ws/src/pid_lab/src/wall_follow_node.cpp:114:16:[m[K [01;35m[Kwarning: [m[Kunused variable â€˜[01m[Kvelocity[m[Kâ€™ [[01;35m[K]8;;https://gcc.gnu.org/onlinedocs/gcc/Warning-Options.html#index-Wunused-variable-Wunused-variable]8;;[m[K]
[6.549s]   114 |         double [01;35m[Kvelocity[m[K = 0.0; // TODO: calculate desired car velocity based on error
[6.549s]       |                [01;35m[K^~~~~~~~[m[K
[6.550s] [01m[K/home/rstole01/Documents/CSE-596/humble_ws/src/pid_lab/src/wall_follow_node.cpp:[m[K In member function â€˜[01m[Kdouble WallFollow::get_alpha(double, float, float)[m[Kâ€™:
[6.550s] [01m[K/home/rstole01/Documents/CSE-596/humble_ws/src/pid_lab/src/wall_follow_node.cpp:122:9:[m[K [01;31m[Kerror: [m[Kâ€˜[01m[Kalpha[m[Kâ€™ was not declared in this scope; did you mean â€˜[01m[Kisalpha[m[Kâ€™?
[6.550s]   122 |         [01;31m[Kalpha[m[K = atan( (a * cos(theta) - b) / (a * sin(theta)) );
[6.550s]       |         [01;31m[K^~~~~[m[K
[6.550s]       |         [32m[Kisalpha[m[K
[6.566s] [01m[K/home/rstole01/Documents/CSE-596/humble_ws/src/pid_lab/src/wall_follow_node.cpp:[m[K In member function â€˜[01m[Kvoid WallFollow::pid_control(double)[m[Kâ€™:
[6.566s] [01m[K/home/rstole01/Documents/CSE-596/humble_ws/src/pid_lab/src/wall_follow_node.cpp:171:13:[m[K [01;31m[Kerror: [m[Kâ€˜[01m[Kvelocity[m[Kâ€™ was not declared in this scope
[6.566s]   171 |             [01;31m[Kvelocity[m[K = 1.5;
[6.566s]       |             [01;31m[K^~~~~~~~[m[K
[6.581s] [01m[K/home/rstole01/Documents/CSE-596/humble_ws/src/pid_lab/src/wall_follow_node.cpp:174:13:[m[K [01;31m[Kerror: [m[Kâ€˜[01m[Kvelocity[m[Kâ€™ was not declared in this scope
[6.581s]   174 |             [01;31m[Kvelocity[m[K = 1.0;
[6.581s]       |             [01;31m[K^~~~~~~~[m[K
[6.593s] [01m[K/home/rstole01/Documents/CSE-596/humble_ws/src/pid_lab/src/wall_follow_node.cpp:177:13:[m[K [01;31m[Kerror: [m[Kâ€˜[01m[Kvelocity[m[Kâ€™ was not declared in this scope
[6.593s]   177 |             [01;31m[Kvelocity[m[K = 0.5;
[6.593s]       |             [01;31m[K^~~~~~~~[m[K
[6.606s] [01m[K/home/rstole01/Documents/CSE-596/humble_ws/src/pid_lab/src/wall_follow_node.cpp:193:33:[m[K [01;31m[Kerror: [m[Kâ€˜[01m[Kvelocity[m[Kâ€™ was not declared in this scope
[6.606s]   193 |         drive_msg.drive.speed = [01;31m[Kvelocity[m[K;
[6.606s]       |                                 [01;31m[K^~~~~~~~[m[K
[8.162s] gmake[2]: *** [CMakeFiles/pid.dir/build.make:76: CMakeFiles/pid.dir/src/wall_follow_node.cpp.o] Error 1
[8.162s] gmake[1]: *** [CMakeFiles/Makefile2:137: CMakeFiles/pid.dir/all] Error 2
[8.162s] gmake: *** [Makefile:146: all] Error 2
[8.166s] Invoked command in '/home/rstole01/Documents/CSE-596/humble_ws/build/pid_lab' returned '2': CMAKE_PREFIX_PATH=/opt/ros/humble /usr/bin/cmake --build /home/rstole01/Documents/CSE-596/humble_ws/build/pid_lab -- -j8 -l8
