-- The C compiler identification is GNU 11.4.0
-- The CXX compiler identification is GNU 11.4.0
-- Detecting C compiler ABI info
-- Detecting C compiler ABI info - done
-- Check for working C compiler: /usr/bin/cc - skipped
-- Detecting C compile features
-- Detecting C compile features - done
-- Detecting CXX compiler ABI info
-- Detecting CXX compiler ABI info - done
-- Check for working CXX compiler: /usr/bin/c++ - skipped
-- Detecting CXX compile features
-- Detecting CXX compile features - done
-- Found ament_cmake: 1.3.8 (/opt/ros/humble/share/ament_cmake/cmake)
-- Found Python3: /usr/bin/python3 (found version "3.10.12") found components: Interpreter 
-- Found rclcpp: 16.0.8 (/opt/ros/humble/share/rclcpp/cmake)
-- Found rosidl_generator_c: 3.1.5 (/opt/ros/humble/share/rosidl_generator_c/cmake)
-- Found rosidl_adapter: 3.1.5 (/opt/ros/humble/share/rosidl_adapter/cmake)
-- Found rosidl_generator_cpp: 3.1.5 (/opt/ros/humble/share/rosidl_generator_cpp/cmake)
-- Using all available rosidl_typesupport_c: rosidl_typesupport_fastrtps_c;rosidl_typesupport_introspection_c
-- Using all available rosidl_typesupport_cpp: rosidl_typesupport_fastrtps_cpp;rosidl_typesupport_introspection_cpp
-- Found rmw_implementation_cmake: 6.1.1 (/opt/ros/humble/share/rmw_implementation_cmake/cmake)
-- Found rmw_cyclonedds_cpp: 1.3.4 (/opt/ros/humble/share/rmw_cyclonedds_cpp/cmake)
-- Using RMW implementation 'rmw_cyclonedds_cpp' as default
-- Looking for pthread.h
-- Looking for pthread.h - found
-- Performing Test CMAKE_HAVE_LIBC_PTHREAD
-- Performing Test CMAKE_HAVE_LIBC_PTHREAD - Success
-- Found Threads: TRUE  
-- Found rclpy: 3.3.12 (/opt/ros/humble/share/rclpy/cmake)
-- Found geometry_msgs: 4.2.3 (/opt/ros/humble/share/geometry_msgs/cmake)
-- Found nav_msgs: 4.2.3 (/opt/ros/humble/share/nav_msgs/cmake)
-- Found ackermann_msgs: 2.0.2 (/opt/ros/humble/share/ackermann_msgs/cmake)
-- Found sensor_msgs: 4.2.3 (/opt/ros/humble/share/sensor_msgs/cmake)
-- Found visualization_msgs: 4.2.3 (/opt/ros/humble/share/visualization_msgs/cmake)
-- Found tf2_ros: 0.25.6 (/opt/ros/humble/share/tf2_ros/cmake)
-- Found ament_lint_auto: 0.12.10 (/opt/ros/humble/share/ament_lint_auto/cmake)
-- Added test 'copyright' to check source files copyright and LICENSE
-- Added test 'cppcheck' to perform static code analysis on C / C++ code
-- Configured cppcheck include dirs: /home/rstole01/Documents/CapstoneGit/humble_ws/src/pure-pursuit_lab/include
-- Configured cppcheck exclude dirs and/or files: 
-- Added test 'cpplint' to check C / C++ code against the Google style
-- Configured cpplint exclude dirs and/or files: 
-- Added test 'lint_cmake' to check CMake code style
-- Added test 'uncrustify' to check C / C++ code style
-- Configured uncrustify additional arguments: 
-- Added test 'xmllint' to check XML markup files
-- Configuring done
-- Generating done
-- Build files have been written to: /home/rstole01/Documents/CapstoneGit/humble_ws/build/pure-pursuit_lab
[ 50%] [32mBuilding CXX object CMakeFiles/pure_pursuit_node.dir/src/pure_pursuit_node.cpp.o[0m
[01m[K/home/rstole01/Documents/CapstoneGit/humble_ws/src/pure-pursuit_lab/src/pure_pursuit_node.cpp:48:81:[m[K [01;35m[Kwarning: [m[Kâ€˜[01m[Kgeometry_msgs::msg::PoseStamped_<std::allocator<void> >::ConstPtr[m[Kâ€™ is deprecated [[01;35m[K]8;;https://gcc.gnu.org/onlinedocs/gcc/Warning-Options.html#index-Wdeprecated-declarations-Wdeprecated-declarations]8;;[m[K]
   48 | ose_callback(const geometry_msgs::msg::PoseStamped::ConstPtr &pose_msg[01;35m[K)[m[K
      |                                                                       [01;35m[K^[m[K

In file included from [01m[K/opt/ros/humble/include/geometry_msgs/geometry_msgs/msg/pose_stamped.hpp:7[m[K,
                 from [01m[K/home/rstole01/Documents/CapstoneGit/humble_ws/src/pure-pursuit_lab/src/pure_pursuit_node.cpp:10[m[K:
[01m[K/opt/ros/humble/include/geometry_msgs/geometry_msgs/msg/detail/pose_stamped__struct.hpp:115:5:[m[K [01;36m[Knote: [m[Kdeclared here
  115 |     [01;36m[KConstPtr[m[K;
      |     [01;36m[K^~~~~~~~[m[K
[01m[K/home/rstole01/Documents/CapstoneGit/humble_ws/src/pure-pursuit_lab/src/pure_pursuit_node.cpp:26:5:[m[K [01;31m[Kerror: [m[Kexpected â€˜[01m[K;[m[Kâ€™ before â€˜[01m[Kstd[m[Kâ€™
   26 |     [01;31m[Kstd[m[K::string file = folder + "/4_corners_levine.csv"
      |     [01;31m[K^~~[m[K
[01m[K/home/rstole01/Documents/CapstoneGit/humble_ws/src/pure-pursuit_lab/src/pure_pursuit_node.cpp:[m[K In constructor â€˜[01m[KPurePursuit::PurePursuit()[m[Kâ€™:
[01m[K/home/rstole01/Documents/CapstoneGit/humble_ws/src/pure-pursuit_lab/src/pure_pursuit_node.cpp:41:49:[m[K [01;31m[Kerror: [m[Kâ€˜[01m[KSafety[m[Kâ€™ has not been declared
   41 |             "/ego_racecar/odom", 10, std::bind(&[01;31m[KSafety[m[K::odom_callback, this, _1));
      |                                                 [01;31m[K^~~~~~[m[K
[01m[K/home/rstole01/Documents/CapstoneGit/humble_ws/src/pure-pursuit_lab/src/pure_pursuit_node.cpp:41:78:[m[K [01;31m[Kerror: [m[Kâ€˜[01m[K_1[m[Kâ€™ was not declared in this scope; did you mean â€˜[01m[Kstd::placeholders::_1[m[Kâ€™?
   41 |  "/ego_racecar/odom", 10, std::bind(&Safety::odom_callback, this, [01;31m[K_1[m[K));
      |                                                                   [01;31m[K^~[m[K
      |                                                                   [32m[Kstd::placeholders::_1[m[K
In file included from [01m[K/usr/include/c++/11/pstl/glue_algorithm_defs.h:13[m[K,
                 from [01m[K/usr/include/c++/11/algorithm:74[m[K,
                 from [01m[K/opt/ros/humble/include/rclcpp/rclcpp/executor.hpp:18[m[K,
                 from [01m[K/opt/ros/humble/include/rclcpp/rclcpp/executors/multi_threaded_executor.hpp:25[m[K,
                 from [01m[K/opt/ros/humble/include/rclcpp/rclcpp/executors.hpp:21[m[K,
                 from [01m[K/opt/ros/humble/include/rclcpp/rclcpp/rclcpp.hpp:155[m[K,
                 from [01m[K/home/rstole01/Documents/CapstoneGit/humble_ws/src/pure-pursuit_lab/src/pure_pursuit_node.cpp:6[m[K:
[01m[K/usr/include/c++/11/functional:225:34:[m[K [01;36m[Knote: [m[Kâ€˜[01m[Kstd::placeholders::_1[m[Kâ€™ declared here
  225 |     extern const _Placeholder<1> [01;36m[K_1[m[K;
      |                                  [01;36m[K^~[m[K
[01m[K/home/rstole01/Documents/CapstoneGit/humble_ws/src/pure-pursuit_lab/src/pure_pursuit_node.cpp:[m[K In member function â€˜[01m[Kvoid PurePursuit::pose_callback(const ConstPtr&)[m[Kâ€™:
[01m[K/home/rstole01/Documents/CapstoneGit/humble_ws/src/pure-pursuit_lab/src/pure_pursuit_node.cpp:55:30:[m[K [01;31m[Kerror: [m[Kâ€˜[01m[Ky_dist[m[Kâ€™ was not declared in this scope
   55 |         float curvature = 2*([01;31m[Ky_dist[m[K) / pow(lookahead, 2);
      |                              [01;31m[K^~~~~~[m[K
[01m[K/home/rstole01/Documents/CapstoneGit/humble_ws/src/pure-pursuit_lab/src/pure_pursuit_node.cpp:56:32:[m[K [01;31m[Kerror: [m[Kâ€˜[01m[Kkp[m[Kâ€™ was not declared in this scope
   56 |         float steering_angle = [01;31m[Kkp[m[K * curvature;
      |                                [01;31m[K^~[m[K
[01m[K/home/rstole01/Documents/CapstoneGit/humble_ws/src/pure-pursuit_lab/src/pure_pursuit_node.cpp:56:15:[m[K [01;35m[Kwarning: [m[Kunused variable â€˜[01m[Ksteering_angle[m[Kâ€™ [[01;35m[K]8;;https://gcc.gnu.org/onlinedocs/gcc/Warning-Options.html#index-Wunused-variable-Wunused-variable]8;;[m[K]
   56 |         float [01;35m[Ksteering_angle[m[K = kp * curvature;
      |               [01;35m[K^~~~~~~~~~~~~~[m[K
[01m[K/home/rstole01/Documents/CapstoneGit/humble_ws/src/pure-pursuit_lab/src/pure_pursuit_node.cpp:48:73:[m[K [01;35m[Kwarning: [m[Kunused parameter â€˜[01m[Kpose_msg[m[Kâ€™ [[01;35m[K]8;;https://gcc.gnu.org/onlinedocs/gcc/Warning-Options.html#index-Wunused-parameter-Wunused-parameter]8;;[m[K]
   48 | ose_callback([01;35m[Kconst geometry_msgs::msg::PoseStamped::ConstPtr &pose_msg[m[K)
      |              [01;35m[K~~~~~~~~~~~~~~~~~~~~~~~~~~~~~~~~~~~~~~~~~~~~~~~~~^~~~~~~~[m[K

gmake[2]: *** [CMakeFiles/pure_pursuit_node.dir/build.make:76: CMakeFiles/pure_pursuit_node.dir/src/pure_pursuit_node.cpp.o] Error 1
gmake[1]: *** [CMakeFiles/Makefile2:137: CMakeFiles/pure_pursuit_node.dir/all] Error 2
gmake: *** [Makefile:146: all] Error 2
