[0.646s] Invoking command in '/home/rstole01/Documents/CapstoneGit/humble_ws/build/pure-pursuit_lab': CMAKE_PREFIX_PATH=${CMAKE_PREFIX_PATH}:/home/rstole01/Documents/CapstoneGit/humble_ws/install/waypoint_logger:/home/rstole01/Documents/CapstoneGit/humble_ws/install/f1tenth_gym_ros:/opt/ros/humble /usr/bin/cmake /home/rstole01/Documents/CapstoneGit/humble_ws/src/pure-pursuit_lab -DCMAKE_INSTALL_PREFIX=/home/rstole01/Documents/CapstoneGit/humble_ws/install/pure-pursuit_lab
[0.789s] -- The C compiler identification is GNU 11.4.0
[0.958s] -- The CXX compiler identification is GNU 11.4.0
[0.983s] -- Detecting C compiler ABI info
[1.172s] -- Detecting C compiler ABI info - done
[1.205s] -- Check for working C compiler: /usr/bin/cc - skipped
[1.205s] -- Detecting C compile features
[1.207s] -- Detecting C compile features - done
[1.215s] -- Detecting CXX compiler ABI info
[1.453s] -- Detecting CXX compiler ABI info - done
[1.490s] -- Check for working CXX compiler: /usr/bin/c++ - skipped
[1.491s] -- Detecting CXX compile features
[1.492s] -- Detecting CXX compile features - done
[1.503s] -- Found ament_cmake: 1.3.8 (/opt/ros/humble/share/ament_cmake/cmake)
[1.942s] -- Found Python3: /usr/bin/python3 (found version "3.10.12") found components: Interpreter 
[2.264s] -- Found rclcpp: 16.0.8 (/opt/ros/humble/share/rclcpp/cmake)
[2.447s] -- Found rosidl_generator_c: 3.1.5 (/opt/ros/humble/share/rosidl_generator_c/cmake)
[2.474s] -- Found rosidl_adapter: 3.1.5 (/opt/ros/humble/share/rosidl_adapter/cmake)
[2.515s] -- Found rosidl_generator_cpp: 3.1.5 (/opt/ros/humble/share/rosidl_generator_cpp/cmake)
[2.575s] -- Using all available rosidl_typesupport_c: rosidl_typesupport_fastrtps_c;rosidl_typesupport_introspection_c
[2.658s] -- Using all available rosidl_typesupport_cpp: rosidl_typesupport_fastrtps_cpp;rosidl_typesupport_introspection_cpp
[2.964s] -- Found rmw_implementation_cmake: 6.1.1 (/opt/ros/humble/share/rmw_implementation_cmake/cmake)
[2.978s] -- Found rmw_cyclonedds_cpp: 1.3.4 (/opt/ros/humble/share/rmw_cyclonedds_cpp/cmake)
[3.135s] -- Using RMW implementation 'rmw_cyclonedds_cpp' as default
[3.184s] -- Looking for pthread.h
[3.437s] -- Looking for pthread.h - found
[3.438s] -- Performing Test CMAKE_HAVE_LIBC_PTHREAD
[3.654s] -- Performing Test CMAKE_HAVE_LIBC_PTHREAD - Success
[3.656s] -- Found Threads: TRUE  
[4.322s] -- Found rclpy: 3.3.12 (/opt/ros/humble/share/rclpy/cmake)
[4.330s] -- Found geometry_msgs: 4.2.3 (/opt/ros/humble/share/geometry_msgs/cmake)
[4.500s] -- Found nav_msgs: 4.2.3 (/opt/ros/humble/share/nav_msgs/cmake)
[4.691s] -- Found ackermann_msgs: 2.0.2 (/opt/ros/humble/share/ackermann_msgs/cmake)
[4.792s] -- Found sensor_msgs: 4.2.3 (/opt/ros/humble/share/sensor_msgs/cmake)
[4.977s] -- Found visualization_msgs: 4.2.3 (/opt/ros/humble/share/visualization_msgs/cmake)
[5.259s] -- Found tf2_ros: 0.25.6 (/opt/ros/humble/share/tf2_ros/cmake)
[6.148s] -- Found ament_lint_auto: 0.12.10 (/opt/ros/humble/share/ament_lint_auto/cmake)
[6.508s] -- Added test 'copyright' to check source files copyright and LICENSE
[6.511s] -- Added test 'cppcheck' to perform static code analysis on C / C++ code
[6.512s] -- Configured cppcheck include dirs: /home/rstole01/Documents/CapstoneGit/humble_ws/src/pure-pursuit_lab/include
[6.512s] -- Configured cppcheck exclude dirs and/or files: 
[6.514s] -- Added test 'cpplint' to check C / C++ code against the Google style
[6.515s] -- Configured cpplint exclude dirs and/or files: 
[6.517s] -- Added test 'lint_cmake' to check CMake code style
[6.519s] -- Added test 'uncrustify' to check C / C++ code style
[6.520s] -- Configured uncrustify additional arguments: 
[6.521s] -- Added test 'xmllint' to check XML markup files
[6.524s] -- Configuring done
[6.552s] -- Generating done
[6.556s] -- Build files have been written to: /home/rstole01/Documents/CapstoneGit/humble_ws/build/pure-pursuit_lab
[6.579s] Invoked command in '/home/rstole01/Documents/CapstoneGit/humble_ws/build/pure-pursuit_lab' returned '0': CMAKE_PREFIX_PATH=${CMAKE_PREFIX_PATH}:/home/rstole01/Documents/CapstoneGit/humble_ws/install/waypoint_logger:/home/rstole01/Documents/CapstoneGit/humble_ws/install/f1tenth_gym_ros:/opt/ros/humble /usr/bin/cmake /home/rstole01/Documents/CapstoneGit/humble_ws/src/pure-pursuit_lab -DCMAKE_INSTALL_PREFIX=/home/rstole01/Documents/CapstoneGit/humble_ws/install/pure-pursuit_lab
[6.584s] Invoking command in '/home/rstole01/Documents/CapstoneGit/humble_ws/build/pure-pursuit_lab': CMAKE_PREFIX_PATH=${CMAKE_PREFIX_PATH}:/home/rstole01/Documents/CapstoneGit/humble_ws/install/waypoint_logger:/home/rstole01/Documents/CapstoneGit/humble_ws/install/f1tenth_gym_ros:/opt/ros/humble /usr/bin/cmake --build /home/rstole01/Documents/CapstoneGit/humble_ws/build/pure-pursuit_lab -- -j8 -l8
[6.712s] [ 50%] [32mBuilding CXX object CMakeFiles/pure_pursuit_node.dir/src/pure_pursuit_node.cpp.o[0m
[14.605s] [01m[K/home/rstole01/Documents/CapstoneGit/humble_ws/src/pure-pursuit_lab/src/pure_pursuit_node.cpp:48:81:[m[K [01;35m[Kwarning: [m[Kâ€˜[01m[Kgeometry_msgs::msg::PoseStamped_<std::allocator<void> >::ConstPtr[m[Kâ€™ is deprecated [[01;35m[K]8;;https://gcc.gnu.org/onlinedocs/gcc/Warning-Options.html#index-Wdeprecated-declarations-Wdeprecated-declarations]8;;[m[K]
[14.605s]    48 | ose_callback(const geometry_msgs::msg::PoseStamped::ConstPtr &pose_msg[01;35m[K)[m[K
[14.605s]       |                                                                       [01;35m[K^[m[K
[14.605s] 
[14.606s] In file included from [01m[K/opt/ros/humble/include/geometry_msgs/geometry_msgs/msg/pose_stamped.hpp:7[m[K,
[14.606s]                  from [01m[K/home/rstole01/Documents/CapstoneGit/humble_ws/src/pure-pursuit_lab/src/pure_pursuit_node.cpp:10[m[K:
[14.606s] [01m[K/opt/ros/humble/include/geometry_msgs/geometry_msgs/msg/detail/pose_stamped__struct.hpp:115:5:[m[K [01;36m[Knote: [m[Kdeclared here
[14.606s]   115 |     [01;36m[KConstPtr[m[K;
[14.607s]       |     [01;36m[K^~~~~~~~[m[K
[14.607s] [01m[K/home/rstole01/Documents/CapstoneGit/humble_ws/src/pure-pursuit_lab/src/pure_pursuit_node.cpp:26:5:[m[K [01;31m[Kerror: [m[Kexpected â€˜[01m[K;[m[Kâ€™ before â€˜[01m[Kstd[m[Kâ€™
[14.607s]    26 |     [01;31m[Kstd[m[K::string file = folder + "/4_corners_levine.csv"
[14.608s]       |     [01;31m[K^~~[m[K
[14.608s] [01m[K/home/rstole01/Documents/CapstoneGit/humble_ws/src/pure-pursuit_lab/src/pure_pursuit_node.cpp:[m[K In constructor â€˜[01m[KPurePursuit::PurePursuit()[m[Kâ€™:
[14.608s] [01m[K/home/rstole01/Documents/CapstoneGit/humble_ws/src/pure-pursuit_lab/src/pure_pursuit_node.cpp:41:49:[m[K [01;31m[Kerror: [m[Kâ€˜[01m[KSafety[m[Kâ€™ has not been declared
[14.609s]    41 |             "/ego_racecar/odom", 10, std::bind(&[01;31m[KSafety[m[K::odom_callback, this, _1));
[14.609s]       |                                                 [01;31m[K^~~~~~[m[K
[14.609s] [01m[K/home/rstole01/Documents/CapstoneGit/humble_ws/src/pure-pursuit_lab/src/pure_pursuit_node.cpp:41:78:[m[K [01;31m[Kerror: [m[Kâ€˜[01m[K_1[m[Kâ€™ was not declared in this scope; did you mean â€˜[01m[Kstd::placeholders::_1[m[Kâ€™?
[14.609s]    41 |  "/ego_racecar/odom", 10, std::bind(&Safety::odom_callback, this, [01;31m[K_1[m[K));
[14.610s]       |                                                                   [01;31m[K^~[m[K
[14.610s]       |                                                                   [32m[Kstd::placeholders::_1[m[K
[14.610s] In file included from [01m[K/usr/include/c++/11/pstl/glue_algorithm_defs.h:13[m[K,
[14.611s]                  from [01m[K/usr/include/c++/11/algorithm:74[m[K,
[14.611s]                  from [01m[K/opt/ros/humble/include/rclcpp/rclcpp/executor.hpp:18[m[K,
[14.611s]                  from [01m[K/opt/ros/humble/include/rclcpp/rclcpp/executors/multi_threaded_executor.hpp:25[m[K,
[14.612s]                  from [01m[K/opt/ros/humble/include/rclcpp/rclcpp/executors.hpp:21[m[K,
[14.612s]                  from [01m[K/opt/ros/humble/include/rclcpp/rclcpp/rclcpp.hpp:155[m[K,
[14.612s]                  from [01m[K/home/rstole01/Documents/CapstoneGit/humble_ws/src/pure-pursuit_lab/src/pure_pursuit_node.cpp:6[m[K:
[14.613s] [01m[K/usr/include/c++/11/functional:225:34:[m[K [01;36m[Knote: [m[Kâ€˜[01m[Kstd::placeholders::_1[m[Kâ€™ declared here
[14.613s]   225 |     extern const _Placeholder<1> [01;36m[K_1[m[K;
[14.613s]       |                                  [01;36m[K^~[m[K
[14.628s] [01m[K/home/rstole01/Documents/CapstoneGit/humble_ws/src/pure-pursuit_lab/src/pure_pursuit_node.cpp:[m[K In member function â€˜[01m[Kvoid PurePursuit::pose_callback(const ConstPtr&)[m[Kâ€™:
[14.628s] [01m[K/home/rstole01/Documents/CapstoneGit/humble_ws/src/pure-pursuit_lab/src/pure_pursuit_node.cpp:55:30:[m[K [01;31m[Kerror: [m[Kâ€˜[01m[Ky_dist[m[Kâ€™ was not declared in this scope
[14.628s]    55 |         float curvature = 2*([01;31m[Ky_dist[m[K) / pow(lookahead, 2);
[14.629s]       |                              [01;31m[K^~~~~~[m[K
[14.640s] [01m[K/home/rstole01/Documents/CapstoneGit/humble_ws/src/pure-pursuit_lab/src/pure_pursuit_node.cpp:56:32:[m[K [01;31m[Kerror: [m[Kâ€˜[01m[Kkp[m[Kâ€™ was not declared in this scope
[14.640s]    56 |         float steering_angle = [01;31m[Kkp[m[K * curvature;
[14.641s]       |                                [01;31m[K^~[m[K
[14.641s] [01m[K/home/rstole01/Documents/CapstoneGit/humble_ws/src/pure-pursuit_lab/src/pure_pursuit_node.cpp:56:15:[m[K [01;35m[Kwarning: [m[Kunused variable â€˜[01m[Ksteering_angle[m[Kâ€™ [[01;35m[K]8;;https://gcc.gnu.org/onlinedocs/gcc/Warning-Options.html#index-Wunused-variable-Wunused-variable]8;;[m[K]
[14.641s]    56 |         float [01;35m[Ksteering_angle[m[K = kp * curvature;
[14.642s]       |               [01;35m[K^~~~~~~~~~~~~~[m[K
[14.642s] [01m[K/home/rstole01/Documents/CapstoneGit/humble_ws/src/pure-pursuit_lab/src/pure_pursuit_node.cpp:48:73:[m[K [01;35m[Kwarning: [m[Kunused parameter â€˜[01m[Kpose_msg[m[Kâ€™ [[01;35m[K]8;;https://gcc.gnu.org/onlinedocs/gcc/Warning-Options.html#index-Wunused-parameter-Wunused-parameter]8;;[m[K]
[14.642s]    48 | ose_callback([01;35m[Kconst geometry_msgs::msg::PoseStamped::ConstPtr &pose_msg[m[K)
[14.642s]       |              [01;35m[K~~~~~~~~~~~~~~~~~~~~~~~~~~~~~~~~~~~~~~~~~~~~~~~~~^~~~~~~~[m[K
[14.642s] 
[16.562s] gmake[2]: *** [CMakeFiles/pure_pursuit_node.dir/build.make:76: CMakeFiles/pure_pursuit_node.dir/src/pure_pursuit_node.cpp.o] Error 1
[16.563s] gmake[1]: *** [CMakeFiles/Makefile2:137: CMakeFiles/pure_pursuit_node.dir/all] Error 2
[16.563s] gmake: *** [Makefile:146: all] Error 2
[16.567s] Invoked command in '/home/rstole01/Documents/CapstoneGit/humble_ws/build/pure-pursuit_lab' returned '2': CMAKE_PREFIX_PATH=${CMAKE_PREFIX_PATH}:/home/rstole01/Documents/CapstoneGit/humble_ws/install/waypoint_logger:/home/rstole01/Documents/CapstoneGit/humble_ws/install/f1tenth_gym_ros:/opt/ros/humble /usr/bin/cmake --build /home/rstole01/Documents/CapstoneGit/humble_ws/build/pure-pursuit_lab -- -j8 -l8
