[35m[1mConsolidate compiler generated dependencies of target pid[0m
[ 50%] [32mBuilding CXX object CMakeFiles/pid.dir/src/wall_follow_node.cpp.o[0m
[01m[K/home/rstole01/Documents/CSE-596/humble_ws/src/pid_lab/src/wall_follow_node.cpp:[m[K In member function â€˜[01m[Kvoid WallFollow::scan_callback(const ConstSharedPtr&)[m[Kâ€™:
[01m[K/home/rstole01/Documents/CSE-596/humble_ws/src/pid_lab/src/wall_follow_node.cpp:86:15:[m[K [01;35m[Kwarning: [m[KISO C++ forbids variable length array â€˜[01m[Kranges[m[Kâ€™ [[01;35m[K]8;;https://gcc.gnu.org/onlinedocs/gcc/Warning-Options.html#index-Wvla-Wvla]8;;[m[K]
   86 |         float [01;35m[Kranges[m[K[range_len];
      |               [01;35m[K^~~~~~[m[K
[01m[K/home/rstole01/Documents/CSE-596/humble_ws/src/pid_lab/src/wall_follow_node.cpp:87:87:[m[K [01;31m[Kerror: [m[Kno matching function for call to â€˜[01m[Kbegin(float [range_len])[m[Kâ€™
   87 |         std::copy(std::begin(scan_msg->ranges), std::end(scan_msg->ranges), [01;31m[Kstd::begin(ranges)[m[K);
      |                                                                             [01;31m[K~~~~~~~~~~^~~~~~~~[m[K
In file included from [01m[K/usr/include/c++/11/utility:76[m[K,
                 from [01m[K/usr/include/c++/11/bits/unique_ptr.h:36[m[K,
                 from [01m[K/usr/include/c++/11/memory:76[m[K,
                 from [01m[K/opt/ros/humble/include/rclcpp/rclcpp/rclcpp.hpp:153[m[K,
                 from [01m[K/home/rstole01/Documents/CSE-596/humble_ws/src/pid_lab/src/wall_follow_node.cpp:1[m[K:
[01m[K/usr/include/c++/11/initializer_list:90:5:[m[K [01;36m[Knote: [m[Kcandidate: â€˜[01m[Ktemplate<class _Tp> constexpr const _Tp* std::begin(std::initializer_list<_Tp>)[m[Kâ€™
   90 |     [01;36m[Kbegin[m[K(initializer_list<_Tp> __ils) noexcept
      |     [01;36m[K^~~~~[m[K
[01m[K/usr/include/c++/11/initializer_list:90:5:[m[K [01;36m[Knote: [m[K  template argument deduction/substitution failed:
[01m[K/home/rstole01/Documents/CSE-596/humble_ws/src/pid_lab/src/wall_follow_node.cpp:87:87:[m[K [01;36m[Knote: [m[K  mismatched types â€˜[01m[Kstd::initializer_list<_Tp>[m[Kâ€™ and â€˜[01m[Kfloat*[m[Kâ€™
   87 |         std::copy(std::begin(scan_msg->ranges), std::end(scan_msg->ranges), [01;36m[Kstd::begin(ranges)[m[K);
      |                                                                             [01;36m[K~~~~~~~~~~^~~~~~~~[m[K
In file included from [01m[K/usr/include/c++/11/array:41[m[K,
                 from [01m[K/usr/include/c++/11/tuple:39[m[K,
                 from [01m[K/usr/include/c++/11/bits/unique_ptr.h:37[m[K,
                 from [01m[K/usr/include/c++/11/memory:76[m[K,
                 from [01m[K/opt/ros/humble/include/rclcpp/rclcpp/rclcpp.hpp:153[m[K,
                 from [01m[K/home/rstole01/Documents/CSE-596/humble_ws/src/pid_lab/src/wall_follow_node.cpp:1[m[K:
[01m[K/usr/include/c++/11/bits/range_access.h:51:5:[m[K [01;36m[Knote: [m[Kcandidate: â€˜[01m[Ktemplate<class _Container> constexpr decltype (__cont.begin()) std::begin(_Container&)[m[Kâ€™
   51 |     [01;36m[Kbegin[m[K(_Container& __cont) -> decltype(__cont.begin())
      |     [01;36m[K^~~~~[m[K
[01m[K/usr/include/c++/11/bits/range_access.h:51:5:[m[K [01;36m[Knote: [m[K  template argument deduction/substitution failed:
[01m[K/home/rstole01/Documents/CSE-596/humble_ws/src/pid_lab/src/wall_follow_node.cpp:87:87:[m[K [01;36m[Knote: [m[K  variable-sized array type â€˜[01m[Kfloat [range_len][m[Kâ€™ is not a valid template argument
   87 |         std::copy(std::begin(scan_msg->ranges), std::end(scan_msg->ranges), [01;36m[Kstd::begin(ranges)[m[K);
      |                                                                             [01;36m[K~~~~~~~~~~^~~~~~~~[m[K
In file included from [01m[K/usr/include/c++/11/array:41[m[K,
                 from [01m[K/usr/include/c++/11/tuple:39[m[K,
                 from [01m[K/usr/include/c++/11/bits/unique_ptr.h:37[m[K,
                 from [01m[K/usr/include/c++/11/memory:76[m[K,
                 from [01m[K/opt/ros/humble/include/rclcpp/rclcpp/rclcpp.hpp:153[m[K,
                 from [01m[K/home/rstole01/Documents/CSE-596/humble_ws/src/pid_lab/src/wall_follow_node.cpp:1[m[K:
[01m[K/usr/include/c++/11/bits/range_access.h:61:5:[m[K [01;36m[Knote: [m[Kcandidate: â€˜[01m[Ktemplate<class _Container> constexpr decltype (__cont.begin()) std::begin(const _Container&)[m[Kâ€™
   61 |     [01;36m[Kbegin[m[K(const _Container& __cont) -> decltype(__cont.begin())
      |     [01;36m[K^~~~~[m[K
[01m[K/usr/include/c++/11/bits/range_access.h:61:5:[m[K [01;36m[Knote: [m[K  template argument deduction/substitution failed:
[01m[K/home/rstole01/Documents/CSE-596/humble_ws/src/pid_lab/src/wall_follow_node.cpp:87:87:[m[K [01;36m[Knote: [m[K  variable-sized array type â€˜[01m[Kfloat [range_len][m[Kâ€™ is not a valid template argument
   87 |         std::copy(std::begin(scan_msg->ranges), std::end(scan_msg->ranges), [01;36m[Kstd::begin(ranges)[m[K);
      |                                                                             [01;36m[K~~~~~~~~~~^~~~~~~~[m[K
In file included from [01m[K/usr/include/c++/11/array:41[m[K,
                 from [01m[K/usr/include/c++/11/tuple:39[m[K,
                 from [01m[K/usr/include/c++/11/bits/unique_ptr.h:37[m[K,
                 from [01m[K/usr/include/c++/11/memory:76[m[K,
                 from [01m[K/opt/ros/humble/include/rclcpp/rclcpp/rclcpp.hpp:153[m[K,
                 from [01m[K/home/rstole01/Documents/CSE-596/humble_ws/src/pid_lab/src/wall_follow_node.cpp:1[m[K:
[01m[K/usr/include/c++/11/bits/range_access.h:90:5:[m[K [01;36m[Knote: [m[Kcandidate: â€˜[01m[Ktemplate<class _Tp, long unsigned int _Nm> constexpr _Tp* std::begin(_Tp (&)[_Nm])[m[Kâ€™
   90 |     [01;36m[Kbegin[m[K(_Tp (&__arr)[_Nm]) noexcept
      |     [01;36m[K^~~~~[m[K
[01m[K/usr/include/c++/11/bits/range_access.h:90:5:[m[K [01;36m[Knote: [m[K  template argument deduction/substitution failed:
[01m[K/home/rstole01/Documents/CSE-596/humble_ws/src/pid_lab/src/wall_follow_node.cpp:87:87:[m[K [01;36m[Knote: [m[K  variable-sized array type â€˜[01m[Klong int[m[Kâ€™ is not a valid template argument
   87 |         std::copy(std::begin(scan_msg->ranges), std::end(scan_msg->ranges), [01;36m[Kstd::begin(ranges)[m[K);
      |                                                                             [01;36m[K~~~~~~~~~~^~~~~~~~[m[K
In file included from [01m[K/usr/include/c++/11/array:41[m[K,
                 from [01m[K/usr/include/c++/11/tuple:39[m[K,
                 from [01m[K/usr/include/c++/11/bits/unique_ptr.h:37[m[K,
                 from [01m[K/usr/include/c++/11/memory:76[m[K,
                 from [01m[K/opt/ros/humble/include/rclcpp/rclcpp/rclcpp.hpp:153[m[K,
                 from [01m[K/home/rstole01/Documents/CSE-596/humble_ws/src/pid_lab/src/wall_follow_node.cpp:1[m[K:
[01m[K/usr/include/c++/11/bits/range_access.h:107:31:[m[K [01;36m[Knote: [m[Kcandidate: â€˜[01m[Ktemplate<class _Tp> _Tp* std::begin(std::valarray<_Tp>&)[m[Kâ€™
  107 |   template<typename _Tp> _Tp* [01;36m[Kbegin[m[K(valarray<_Tp>&) noexcept;
      |                               [01;36m[K^~~~~[m[K
[01m[K/usr/include/c++/11/bits/range_access.h:107:31:[m[K [01;36m[Knote: [m[K  template argument deduction/substitution failed:
[01m[K/home/rstole01/Documents/CSE-596/humble_ws/src/pid_lab/src/wall_follow_node.cpp:87:87:[m[K [01;36m[Knote: [m[K  mismatched types â€˜[01m[Kstd::valarray<_Tp>[m[Kâ€™ and â€˜[01m[Kfloat [range_len][m[Kâ€™
   87 |         std::copy(std::begin(scan_msg->ranges), std::end(scan_msg->ranges), [01;36m[Kstd::begin(ranges)[m[K);
      |                                                                             [01;36m[K~~~~~~~~~~^~~~~~~~[m[K
In file included from [01m[K/usr/include/c++/11/array:41[m[K,
                 from [01m[K/usr/include/c++/11/tuple:39[m[K,
                 from [01m[K/usr/include/c++/11/bits/unique_ptr.h:37[m[K,
                 from [01m[K/usr/include/c++/11/memory:76[m[K,
                 from [01m[K/opt/ros/humble/include/rclcpp/rclcpp/rclcpp.hpp:153[m[K,
                 from [01m[K/home/rstole01/Documents/CSE-596/humble_ws/src/pid_lab/src/wall_follow_node.cpp:1[m[K:
[01m[K/usr/include/c++/11/bits/range_access.h:108:37:[m[K [01;36m[Knote: [m[Kcandidate: â€˜[01m[Ktemplate<class _Tp> const _Tp* std::begin(const std::valarray<_Tp>&)[m[Kâ€™
  108 |   template<typename _Tp> const _Tp* [01;36m[Kbegin[m[K(const valarray<_Tp>&) noexcept;
      |                                     [01;36m[K^~~~~[m[K
[01m[K/usr/include/c++/11/bits/range_access.h:108:37:[m[K [01;36m[Knote: [m[K  template argument deduction/substitution failed:
[01m[K/home/rstole01/Documents/CSE-596/humble_ws/src/pid_lab/src/wall_follow_node.cpp:87:87:[m[K [01;36m[Knote: [m[K  mismatched types â€˜[01m[Kconst std::valarray<_Tp>[m[Kâ€™ and â€˜[01m[Kfloat [range_len][m[Kâ€™
   87 |         std::copy(std::begin(scan_msg->ranges), std::end(scan_msg->ranges), [01;36m[Kstd::begin(ranges)[m[K);
      |                                                                             [01;36m[K~~~~~~~~~~^~~~~~~~[m[K
gmake[2]: *** [CMakeFiles/pid.dir/build.make:76: CMakeFiles/pid.dir/src/wall_follow_node.cpp.o] Error 1
gmake[1]: *** [CMakeFiles/Makefile2:137: CMakeFiles/pid.dir/all] Error 2
gmake: *** [Makefile:146: all] Error 2
