[1.024s] Invoking command in '/home/rstole01/Documents/CapstoneGit/humble_ws/build/pure-pursuit_lab': CMAKE_PREFIX_PATH=${CMAKE_PREFIX_PATH}:/home/rstole01/Documents/CapstoneGit/humble_ws/install/waypoint_logger:/home/rstole01/Documents/CapstoneGit/humble_ws/install/f1tenth_gym_ros:/opt/ros/humble /usr/bin/cmake /home/rstole01/Documents/CapstoneGit/humble_ws/src/pure-pursuit_lab -DCMAKE_INSTALL_PREFIX=/home/rstole01/Documents/CapstoneGit/humble_ws/install/pure-pursuit_lab
[2.156s] -- The C compiler identification is GNU 11.4.0
[2.156s] -- The CXX compiler identification is GNU 11.4.0
[2.156s] -- Detecting C compiler ABI info
[2.156s] -- Detecting C compiler ABI info - done
[2.157s] -- Check for working C compiler: /usr/bin/cc - skipped
[2.157s] -- Detecting C compile features
[2.157s] -- Detecting C compile features - done
[2.157s] -- Detecting CXX compiler ABI info
[2.158s] -- Detecting CXX compiler ABI info - done
[2.158s] -- Check for working CXX compiler: /usr/bin/c++ - skipped
[2.158s] -- Detecting CXX compile features
[2.158s] -- Detecting CXX compile features - done
[2.158s] -- Found ament_cmake: 1.3.8 (/opt/ros/humble/share/ament_cmake/cmake)
[2.553s] -- Found Python3: /usr/bin/python3 (found version "3.10.12") found components: Interpreter 
[2.909s] -- Found rclcpp: 16.0.8 (/opt/ros/humble/share/rclcpp/cmake)
[3.160s] -- Found rosidl_generator_c: 3.1.5 (/opt/ros/humble/share/rosidl_generator_c/cmake)
[3.187s] -- Found rosidl_adapter: 3.1.5 (/opt/ros/humble/share/rosidl_adapter/cmake)
[3.224s] -- Found rosidl_generator_cpp: 3.1.5 (/opt/ros/humble/share/rosidl_generator_cpp/cmake)
[3.283s] -- Using all available rosidl_typesupport_c: rosidl_typesupport_fastrtps_c;rosidl_typesupport_introspection_c
[3.368s] -- Using all available rosidl_typesupport_cpp: rosidl_typesupport_fastrtps_cpp;rosidl_typesupport_introspection_cpp
[3.731s] -- Found rmw_implementation_cmake: 6.1.1 (/opt/ros/humble/share/rmw_implementation_cmake/cmake)
[3.758s] -- Found rmw_cyclonedds_cpp: 1.3.4 (/opt/ros/humble/share/rmw_cyclonedds_cpp/cmake)
[3.973s] -- Using RMW implementation 'rmw_cyclonedds_cpp' as default
[4.024s] -- Looking for pthread.h
[4.301s] -- Looking for pthread.h - found
[4.302s] -- Performing Test CMAKE_HAVE_LIBC_PTHREAD
[4.596s] -- Performing Test CMAKE_HAVE_LIBC_PTHREAD - Success
[4.599s] -- Found Threads: TRUE  
[5.332s] -- Found rclpy: 3.3.12 (/opt/ros/humble/share/rclpy/cmake)
[5.340s] -- Found geometry_msgs: 4.2.3 (/opt/ros/humble/share/geometry_msgs/cmake)
[5.521s] -- Found nav_msgs: 4.2.3 (/opt/ros/humble/share/nav_msgs/cmake)
[5.776s] -- Found ackermann_msgs: 2.0.2 (/opt/ros/humble/share/ackermann_msgs/cmake)
[5.903s] -- Found sensor_msgs: 4.2.3 (/opt/ros/humble/share/sensor_msgs/cmake)
[6.234s] -- Found visualization_msgs: 4.2.3 (/opt/ros/humble/share/visualization_msgs/cmake)
[6.747s] -- Found tf2_ros: 0.25.6 (/opt/ros/humble/share/tf2_ros/cmake)
[8.398s] -- Found ament_lint_auto: 0.12.10 (/opt/ros/humble/share/ament_lint_auto/cmake)
[8.822s] -- Added test 'copyright' to check source files copyright and LICENSE
[8.852s] -- Added test 'cppcheck' to perform static code analysis on C / C++ code
[8.853s] -- Configured cppcheck include dirs: /home/rstole01/Documents/CapstoneGit/humble_ws/src/pure-pursuit_lab/include
[8.853s] -- Configured cppcheck exclude dirs and/or files: 
[8.856s] -- Added test 'cpplint' to check C / C++ code against the Google style
[8.857s] -- Configured cpplint exclude dirs and/or files: 
[8.860s] -- Added test 'lint_cmake' to check CMake code style
[8.868s] -- Added test 'uncrustify' to check C / C++ code style
[8.868s] -- Configured uncrustify additional arguments: 
[8.870s] -- Added test 'xmllint' to check XML markup files
[8.880s] -- Configuring done
[8.937s] -- Generating done
[8.943s] -- Build files have been written to: /home/rstole01/Documents/CapstoneGit/humble_ws/build/pure-pursuit_lab
[8.976s] Invoked command in '/home/rstole01/Documents/CapstoneGit/humble_ws/build/pure-pursuit_lab' returned '0': CMAKE_PREFIX_PATH=${CMAKE_PREFIX_PATH}:/home/rstole01/Documents/CapstoneGit/humble_ws/install/waypoint_logger:/home/rstole01/Documents/CapstoneGit/humble_ws/install/f1tenth_gym_ros:/opt/ros/humble /usr/bin/cmake /home/rstole01/Documents/CapstoneGit/humble_ws/src/pure-pursuit_lab -DCMAKE_INSTALL_PREFIX=/home/rstole01/Documents/CapstoneGit/humble_ws/install/pure-pursuit_lab
[8.977s] Invoking command in '/home/rstole01/Documents/CapstoneGit/humble_ws/build/pure-pursuit_lab': CMAKE_PREFIX_PATH=${CMAKE_PREFIX_PATH}:/home/rstole01/Documents/CapstoneGit/humble_ws/install/waypoint_logger:/home/rstole01/Documents/CapstoneGit/humble_ws/install/f1tenth_gym_ros:/opt/ros/humble /usr/bin/cmake --build /home/rstole01/Documents/CapstoneGit/humble_ws/build/pure-pursuit_lab -- -j8 -l8
[9.149s] [ 50%] [32mBuilding CXX object CMakeFiles/pure_pursuit_node.dir/src/pure_pursuit_node.cpp.o[0m
[18.252s] [01m[K/home/rstole01/Documents/CapstoneGit/humble_ws/src/pure-pursuit_lab/src/pure_pursuit_node.cpp:48:81:[m[K [01;35m[Kwarning: [m[Kâ€˜[01m[Kgeometry_msgs::msg::PoseStamped_<std::allocator<void> >::ConstPtr[m[Kâ€™ is deprecated [[01;35m[K]8;;https://gcc.gnu.org/onlinedocs/gcc/Warning-Options.html#index-Wdeprecated-declarations-Wdeprecated-declarations]8;;[m[K]
[18.252s]    48 | ose_callback(const geometry_msgs::msg::PoseStamped::ConstPtr &pose_msg[01;35m[K)[m[K
[18.252s]       |                                                                       [01;35m[K^[m[K
[18.252s] 
[18.253s] In file included from [01m[K/opt/ros/humble/include/geometry_msgs/geometry_msgs/msg/pose_stamped.hpp:7[m[K,
[18.253s]                  from [01m[K/home/rstole01/Documents/CapstoneGit/humble_ws/src/pure-pursuit_lab/src/pure_pursuit_node.cpp:10[m[K:
[18.253s] [01m[K/opt/ros/humble/include/geometry_msgs/geometry_msgs/msg/detail/pose_stamped__struct.hpp:115:5:[m[K [01;36m[Knote: [m[Kdeclared here
[18.253s]   115 |     [01;36m[KConstPtr[m[K;
[18.254s]       |     [01;36m[K^~~~~~~~[m[K
[18.254s] [01m[K/home/rstole01/Documents/CapstoneGit/humble_ws/src/pure-pursuit_lab/src/pure_pursuit_node.cpp:26:5:[m[K [01;31m[Kerror: [m[Kexpected â€˜[01m[K;[m[Kâ€™ before â€˜[01m[Kstd[m[Kâ€™
[18.254s]    26 |     [01;31m[Kstd[m[K::string file = folder + "/4_corners_levine.csv"
[18.254s]       |     [01;31m[K^~~[m[K
[18.255s] [01m[K/home/rstole01/Documents/CapstoneGit/humble_ws/src/pure-pursuit_lab/src/pure_pursuit_node.cpp:[m[K In constructor â€˜[01m[KPurePursuit::PurePursuit()[m[Kâ€™:
[18.255s] [01m[K/home/rstole01/Documents/CapstoneGit/humble_ws/src/pure-pursuit_lab/src/pure_pursuit_node.cpp:41:49:[m[K [01;31m[Kerror: [m[Kâ€˜[01m[KSafety[m[Kâ€™ has not been declared
[18.255s]    41 |             "/ego_racecar/odom", 10, std::bind(&[01;31m[KSafety[m[K::odom_callback, this, _1));
[18.255s]       |                                                 [01;31m[K^~~~~~[m[K
[18.255s] [01m[K/home/rstole01/Documents/CapstoneGit/humble_ws/src/pure-pursuit_lab/src/pure_pursuit_node.cpp:41:78:[m[K [01;31m[Kerror: [m[Kâ€˜[01m[K_1[m[Kâ€™ was not declared in this scope; did you mean â€˜[01m[Kstd::placeholders::_1[m[Kâ€™?
[18.256s]    41 |  "/ego_racecar/odom", 10, std::bind(&Safety::odom_callback, this, [01;31m[K_1[m[K));
[18.256s]       |                                                                   [01;31m[K^~[m[K
[18.256s]       |                                                                   [32m[Kstd::placeholders::_1[m[K
[18.256s] In file included from [01m[K/usr/include/c++/11/pstl/glue_algorithm_defs.h:13[m[K,
[18.256s]                  from [01m[K/usr/include/c++/11/algorithm:74[m[K,
[18.257s]                  from [01m[K/opt/ros/humble/include/rclcpp/rclcpp/executor.hpp:18[m[K,
[18.257s]                  from [01m[K/opt/ros/humble/include/rclcpp/rclcpp/executors/multi_threaded_executor.hpp:25[m[K,
[18.257s]                  from [01m[K/opt/ros/humble/include/rclcpp/rclcpp/executors.hpp:21[m[K,
[18.257s]                  from [01m[K/opt/ros/humble/include/rclcpp/rclcpp/rclcpp.hpp:155[m[K,
[18.258s]                  from [01m[K/home/rstole01/Documents/CapstoneGit/humble_ws/src/pure-pursuit_lab/src/pure_pursuit_node.cpp:6[m[K:
[18.258s] [01m[K/usr/include/c++/11/functional:225:34:[m[K [01;36m[Knote: [m[Kâ€˜[01m[Kstd::placeholders::_1[m[Kâ€™ declared here
[18.258s]   225 |     extern const _Placeholder<1> [01;36m[K_1[m[K;
[18.258s]       |                                  [01;36m[K^~[m[K
[18.270s] [01m[K/home/rstole01/Documents/CapstoneGit/humble_ws/src/pure-pursuit_lab/src/pure_pursuit_node.cpp:[m[K In member function â€˜[01m[Kvoid PurePursuit::pose_callback(const ConstPtr&)[m[Kâ€™:
[18.270s] [01m[K/home/rstole01/Documents/CapstoneGit/humble_ws/src/pure-pursuit_lab/src/pure_pursuit_node.cpp:55:30:[m[K [01;31m[Kerror: [m[Kâ€˜[01m[Ky_dist[m[Kâ€™ was not declared in this scope
[18.271s]    55 |         float curvature = 2*([01;31m[Ky_dist[m[K) / pow(lookahead, 2);
[18.271s]       |                              [01;31m[K^~~~~~[m[K
[18.280s] [01m[K/home/rstole01/Documents/CapstoneGit/humble_ws/src/pure-pursuit_lab/src/pure_pursuit_node.cpp:56:32:[m[K [01;31m[Kerror: [m[Kâ€˜[01m[Kkp[m[Kâ€™ was not declared in this scope
[18.280s]    56 |         float steering_angle = [01;31m[Kkp[m[K * curvature;
[18.280s]       |                                [01;31m[K^~[m[K
[18.281s] [01m[K/home/rstole01/Documents/CapstoneGit/humble_ws/src/pure-pursuit_lab/src/pure_pursuit_node.cpp:56:15:[m[K [01;35m[Kwarning: [m[Kunused variable â€˜[01m[Ksteering_angle[m[Kâ€™ [[01;35m[K]8;;https://gcc.gnu.org/onlinedocs/gcc/Warning-Options.html#index-Wunused-variable-Wunused-variable]8;;[m[K]
[18.281s]    56 |         float [01;35m[Ksteering_angle[m[K = kp * curvature;
[18.281s]       |               [01;35m[K^~~~~~~~~~~~~~[m[K
[18.281s] [01m[K/home/rstole01/Documents/CapstoneGit/humble_ws/src/pure-pursuit_lab/src/pure_pursuit_node.cpp:48:73:[m[K [01;35m[Kwarning: [m[Kunused parameter â€˜[01m[Kpose_msg[m[Kâ€™ [[01;35m[K]8;;https://gcc.gnu.org/onlinedocs/gcc/Warning-Options.html#index-Wunused-parameter-Wunused-parameter]8;;[m[K]
[18.282s]    48 | ose_callback([01;35m[Kconst geometry_msgs::msg::PoseStamped::ConstPtr &pose_msg[m[K)
[18.282s]       |              [01;35m[K~~~~~~~~~~~~~~~~~~~~~~~~~~~~~~~~~~~~~~~~~~~~~~~~~^~~~~~~~[m[K
[18.282s] 
[19.987s] gmake[2]: *** [CMakeFiles/pure_pursuit_node.dir/build.make:76: CMakeFiles/pure_pursuit_node.dir/src/pure_pursuit_node.cpp.o] Error 1
[19.988s] gmake[1]: *** [CMakeFiles/Makefile2:137: CMakeFiles/pure_pursuit_node.dir/all] Error 2
[19.988s] gmake: *** [Makefile:146: all] Error 2
[19.992s] Invoked command in '/home/rstole01/Documents/CapstoneGit/humble_ws/build/pure-pursuit_lab' returned '2': CMAKE_PREFIX_PATH=${CMAKE_PREFIX_PATH}:/home/rstole01/Documents/CapstoneGit/humble_ws/install/waypoint_logger:/home/rstole01/Documents/CapstoneGit/humble_ws/install/f1tenth_gym_ros:/opt/ros/humble /usr/bin/cmake --build /home/rstole01/Documents/CapstoneGit/humble_ws/build/pure-pursuit_lab -- -j8 -l8
